{"total": {"lines":{"total":759,"covered":388,"skipped":0,"pct":51.11},"statements":{"total":816,"covered":417,"skipped":0,"pct":51.1},"functions":{"total":192,"covered":79,"skipped":0,"pct":41.14},"branches":{"total":431,"covered":164,"skipped":0,"pct":38.05},"branchesTrue":{"total":0,"covered":0,"skipped":0,"pct":100}}
,"/Users/jerrikarango/Sites/jest-faker-example/src/helpers/calculateBearingAngle.ts": {"lines":{"total":36,"covered":35,"skipped":0,"pct":97.22},"functions":{"total":8,"covered":8,"skipped":0,"pct":100},"statements":{"total":38,"covered":37,"skipped":0,"pct":97.36},"branches":{"total":11,"covered":8,"skipped":0,"pct":72.72}}
,"/Users/jerrikarango/Sites/jest-faker-example/src/helpers/calculateRPM.ts": {"lines":{"total":24,"covered":24,"skipped":0,"pct":100},"functions":{"total":6,"covered":6,"skipped":0,"pct":100},"statements":{"total":26,"covered":26,"skipped":0,"pct":100},"branches":{"total":15,"covered":12,"skipped":0,"pct":80}}
,"/Users/jerrikarango/Sites/jest-faker-example/src/helpers/connectionHelper.ts": {"lines":{"total":30,"covered":21,"skipped":0,"pct":70},"functions":{"total":8,"covered":3,"skipped":0,"pct":37.5},"statements":{"total":32,"covered":22,"skipped":0,"pct":68.75},"branches":{"total":17,"covered":8,"skipped":0,"pct":47.05}}
,"/Users/jerrikarango/Sites/jest-faker-example/src/helpers/consumerHelper.ts": {"lines":{"total":61,"covered":24,"skipped":0,"pct":39.34},"functions":{"total":20,"covered":3,"skipped":0,"pct":15},"statements":{"total":63,"covered":25,"skipped":0,"pct":39.68},"branches":{"total":37,"covered":8,"skipped":0,"pct":21.62}}
,"/Users/jerrikarango/Sites/jest-faker-example/src/helpers/createTimeWindow.ts": {"lines":{"total":30,"covered":27,"skipped":0,"pct":90},"functions":{"total":6,"covered":6,"skipped":0,"pct":100},"statements":{"total":32,"covered":29,"skipped":0,"pct":90.62},"branches":{"total":13,"covered":9,"skipped":0,"pct":69.23}}
,"/Users/jerrikarango/Sites/jest-faker-example/src/helpers/formatTempUnit.ts": {"lines":{"total":47,"covered":18,"skipped":0,"pct":38.29},"functions":{"total":6,"covered":3,"skipped":0,"pct":50},"statements":{"total":49,"covered":19,"skipped":0,"pct":38.77},"branches":{"total":39,"covered":8,"skipped":0,"pct":20.51}}
,"/Users/jerrikarango/Sites/jest-faker-example/src/helpers/generatePickupDates.ts": {"lines":{"total":26,"covered":26,"skipped":0,"pct":100},"functions":{"total":6,"covered":6,"skipped":0,"pct":100},"statements":{"total":29,"covered":29,"skipped":0,"pct":100},"branches":{"total":14,"covered":11,"skipped":0,"pct":78.57}}
,"/Users/jerrikarango/Sites/jest-faker-example/src/helpers/helper.ts": {"lines":{"total":47,"covered":35,"skipped":0,"pct":74.46},"functions":{"total":21,"covered":9,"skipped":0,"pct":42.85},"statements":{"total":50,"covered":38,"skipped":0,"pct":76},"branches":{"total":18,"covered":13,"skipped":0,"pct":72.22}}
,"/Users/jerrikarango/Sites/jest-faker-example/src/helpers/providerHelper.ts": {"lines":{"total":46,"covered":22,"skipped":0,"pct":47.82},"functions":{"total":14,"covered":3,"skipped":0,"pct":21.42},"statements":{"total":49,"covered":23,"skipped":0,"pct":46.93},"branches":{"total":29,"covered":8,"skipped":0,"pct":27.58}}
,"/Users/jerrikarango/Sites/jest-faker-example/src/helpers/secretsManager.ts": {"lines":{"total":61,"covered":27,"skipped":0,"pct":44.26},"functions":{"total":11,"covered":4,"skipped":0,"pct":36.36},"statements":{"total":64,"covered":29,"skipped":0,"pct":45.31},"branches":{"total":34,"covered":13,"skipped":0,"pct":38.23}}
,"/Users/jerrikarango/Sites/jest-faker-example/src/helpers/sqsHelper.ts": {"lines":{"total":23,"covered":18,"skipped":0,"pct":78.26},"functions":{"total":6,"covered":3,"skipped":0,"pct":50},"statements":{"total":25,"covered":19,"skipped":0,"pct":76},"branches":{"total":11,"covered":8,"skipped":0,"pct":72.72}}
,"/Users/jerrikarango/Sites/jest-faker-example/src/helpers/time.ts": {"lines":{"total":30,"covered":0,"skipped":0,"pct":0},"functions":{"total":9,"covered":0,"skipped":0,"pct":0},"statements":{"total":32,"covered":0,"skipped":0,"pct":0},"branches":{"total":15,"covered":0,"skipped":0,"pct":0}}
,"/Users/jerrikarango/Sites/jest-faker-example/src/helpers/trackSearchResult.ts": {"lines":{"total":51,"covered":30,"skipped":0,"pct":58.82},"functions":{"total":12,"covered":7,"skipped":0,"pct":58.33},"statements":{"total":54,"covered":33,"skipped":0,"pct":61.11},"branches":{"total":23,"covered":11,"skipped":0,"pct":47.82}}
,"/Users/jerrikarango/Sites/jest-faker-example/src/helpers/ingestion/loadboards/ingest.ts": {"lines":{"total":32,"covered":0,"skipped":0,"pct":0},"functions":{"total":6,"covered":0,"skipped":0,"pct":0},"statements":{"total":34,"covered":0,"skipped":0,"pct":0},"branches":{"total":13,"covered":0,"skipped":0,"pct":0}}
,"/Users/jerrikarango/Sites/jest-faker-example/src/libs/dynamodb.ts": {"lines":{"total":26,"covered":25,"skipped":0,"pct":96.15},"functions":{"total":6,"covered":4,"skipped":0,"pct":66.66},"statements":{"total":29,"covered":27,"skipped":0,"pct":93.1},"branches":{"total":22,"covered":16,"skipped":0,"pct":72.72}}
,"/Users/jerrikarango/Sites/jest-faker-example/src/libs/kms.ts": {"lines":{"total":26,"covered":25,"skipped":0,"pct":96.15},"functions":{"total":6,"covered":4,"skipped":0,"pct":66.66},"statements":{"total":29,"covered":27,"skipped":0,"pct":93.1},"branches":{"total":22,"covered":16,"skipped":0,"pct":72.72}}
,"/Users/jerrikarango/Sites/jest-faker-example/src/libs/logger.ts": {"lines":{"total":31,"covered":31,"skipped":0,"pct":100},"functions":{"total":10,"covered":10,"skipped":0,"pct":100},"statements":{"total":34,"covered":34,"skipped":0,"pct":100},"branches":{"total":20,"covered":15,"skipped":0,"pct":75}}
,"/Users/jerrikarango/Sites/jest-faker-example/src/mocks/PIMSAssignments.ts": {"lines":{"total":32,"covered":0,"skipped":0,"pct":0},"functions":{"total":7,"covered":0,"skipped":0,"pct":0},"statements":{"total":35,"covered":0,"skipped":0,"pct":0},"branches":{"total":16,"covered":0,"skipped":0,"pct":0}}
,"/Users/jerrikarango/Sites/jest-faker-example/src/mocks/PIMSOrders.ts": {"lines":{"total":26,"covered":0,"skipped":0,"pct":0},"functions":{"total":6,"covered":0,"skipped":0,"pct":0},"statements":{"total":29,"covered":0,"skipped":0,"pct":0},"branches":{"total":17,"covered":0,"skipped":0,"pct":0}}
,"/Users/jerrikarango/Sites/jest-faker-example/src/mocks/SQSEvent.ts": {"lines":{"total":22,"covered":0,"skipped":0,"pct":0},"functions":{"total":6,"covered":0,"skipped":0,"pct":0},"statements":{"total":24,"covered":0,"skipped":0,"pct":0},"branches":{"total":11,"covered":0,"skipped":0,"pct":0}}
,"/Users/jerrikarango/Sites/jest-faker-example/src/mocks/connection.ts": {"lines":{"total":26,"covered":0,"skipped":0,"pct":0},"functions":{"total":6,"covered":0,"skipped":0,"pct":0},"statements":{"total":29,"covered":0,"skipped":0,"pct":0},"branches":{"total":12,"covered":0,"skipped":0,"pct":0}}
,"/Users/jerrikarango/Sites/jest-faker-example/src/model/assignment.d.ts": {"lines":{"total":0,"covered":0,"skipped":0,"pct":100},"functions":{"total":0,"covered":0,"skipped":0,"pct":100},"statements":{"total":0,"covered":0,"skipped":0,"pct":100},"branches":{"total":0,"covered":0,"skipped":0,"pct":100}}
,"/Users/jerrikarango/Sites/jest-faker-example/src/model/auth_response.d.ts": {"lines":{"total":0,"covered":0,"skipped":0,"pct":100},"functions":{"total":0,"covered":0,"skipped":0,"pct":100},"statements":{"total":0,"covered":0,"skipped":0,"pct":100},"branches":{"total":0,"covered":0,"skipped":0,"pct":100}}
,"/Users/jerrikarango/Sites/jest-faker-example/src/model/connector_response.d.ts": {"lines":{"total":13,"covered":0,"skipped":0,"pct":0},"functions":{"total":3,"covered":0,"skipped":0,"pct":0},"statements":{"total":15,"covered":0,"skipped":0,"pct":0},"branches":{"total":11,"covered":0,"skipped":0,"pct":0}}
,"/Users/jerrikarango/Sites/jest-faker-example/src/model/consumer.d.ts": {"lines":{"total":0,"covered":0,"skipped":0,"pct":100},"functions":{"total":0,"covered":0,"skipped":0,"pct":100},"statements":{"total":0,"covered":0,"skipped":0,"pct":100},"branches":{"total":0,"covered":0,"skipped":0,"pct":100}}
,"/Users/jerrikarango/Sites/jest-faker-example/src/model/currency.d.ts": {"lines":{"total":0,"covered":0,"skipped":0,"pct":100},"functions":{"total":0,"covered":0,"skipped":0,"pct":100},"statements":{"total":0,"covered":0,"skipped":0,"pct":100},"branches":{"total":0,"covered":0,"skipped":0,"pct":100}}
,"/Users/jerrikarango/Sites/jest-faker-example/src/model/load.d.ts": {"lines":{"total":13,"covered":0,"skipped":0,"pct":0},"functions":{"total":3,"covered":0,"skipped":0,"pct":0},"statements":{"total":15,"covered":0,"skipped":0,"pct":0},"branches":{"total":11,"covered":0,"skipped":0,"pct":0}}
,"/Users/jerrikarango/Sites/jest-faker-example/src/model/measurement.d.ts": {"lines":{"total":0,"covered":0,"skipped":0,"pct":100},"functions":{"total":0,"covered":0,"skipped":0,"pct":100},"statements":{"total":0,"covered":0,"skipped":0,"pct":100},"branches":{"total":0,"covered":0,"skipped":0,"pct":100}}
,"/Users/jerrikarango/Sites/jest-faker-example/src/model/order.d.ts": {"lines":{"total":0,"covered":0,"skipped":0,"pct":100},"functions":{"total":0,"covered":0,"skipped":0,"pct":100},"statements":{"total":0,"covered":0,"skipped":0,"pct":100},"branches":{"total":0,"covered":0,"skipped":0,"pct":100}}
,"/Users/jerrikarango/Sites/jest-faker-example/src/model/provider.d.ts": {"lines":{"total":0,"covered":0,"skipped":0,"pct":100},"functions":{"total":0,"covered":0,"skipped":0,"pct":100},"statements":{"total":0,"covered":0,"skipped":0,"pct":100},"branches":{"total":0,"covered":0,"skipped":0,"pct":100}}
,"/Users/jerrikarango/Sites/jest-faker-example/src/model/service_response.d.ts": {"lines":{"total":0,"covered":0,"skipped":0,"pct":100},"functions":{"total":0,"covered":0,"skipped":0,"pct":100},"statements":{"total":0,"covered":0,"skipped":0,"pct":100},"branches":{"total":0,"covered":0,"skipped":0,"pct":100}}
,"/Users/jerrikarango/Sites/jest-faker-example/src/model/types.d.ts": {"lines":{"total":0,"covered":0,"skipped":0,"pct":100},"functions":{"total":0,"covered":0,"skipped":0,"pct":100},"statements":{"total":0,"covered":0,"skipped":0,"pct":100},"branches":{"total":0,"covered":0,"skipped":0,"pct":100}}
}
